<?xml version="1.0" encoding="UTF-8"?>
<!-- Generated by org.testng.reporters.JUnitReportReporter -->
<testsuite skipped="0" hostname="LAPTOP-NOCK4PLV" name="AbbottTest.CodeChallenge.HeaderLinkTest" tests="1" failures="0" timestamp="2023-01-29T18:28:15 IST" time="8.978" errors="0">
  <testcase name="selectRegion" time="8.978" classname="AbbottTest.CodeChallenge.HeaderLinkTest"/>
  <system-out/>
</testsuite> <!-- AbbottTest.CodeChallenge.HeaderLinkTest -->
